<?xml version="1.0" encoding="UTF-8"?>
<coverage generated="1777334801606" clover="3.2.0">
  <project timestamp="1777334801606" name="All files">
    <metrics statements="72" coveredstatements="67" conditionals="16" coveredconditionals="11" methods="27" coveredmethods="22" elements="115" coveredelements="100" complexity="0" loc="72" ncloc="72" packages="9" files="11" classes="11"/>
    <package name="src">
      <metrics statements="4" coveredstatements="3" conditionals="0" coveredconditionals="0" methods="2" coveredmethods="1"/>
      <file name="GifsApp.tsx" path="C:\Users\carmen\Documents\react\03-gifs-app\src\GifsApp.tsx">
        <metrics statements="4" coveredstatements="3" conditionals="0" coveredconditionals="0" methods="2" coveredmethods="1"/>
        <line num="10" count="1" type="stmt"/>
        <line num="12" count="1" type="stmt"/>
        <line num="14" count="1" type="stmt"/>
        <line num="22" count="0" type="stmt"/>
      </file>
    </package>
    <package name="src.counter.components">
      <metrics statements="3" coveredstatements="3" conditionals="0" coveredconditionals="0" methods="1" coveredmethods="1"/>
      <file name="MyCounterApp.tsx" path="C:\Users\carmen\Documents\react\03-gifs-app\src\counter\components\MyCounterApp.tsx">
        <metrics statements="3" coveredstatements="3" conditionals="0" coveredconditionals="0" methods="1" coveredmethods="1"/>
        <line num="3" count="2" type="stmt"/>
        <line num="5" count="8" type="stmt"/>
        <line num="7" count="8" type="stmt"/>
      </file>
    </package>
    <package name="src.counter.hooks">
      <metrics statements="9" coveredstatements="9" conditionals="1" coveredconditionals="1" methods="5" coveredmethods="5"/>
      <file name="useCounter.tsx" path="C:\Users\carmen\Documents\react\03-gifs-app\src\counter\hooks\useCounter.tsx">
        <metrics statements="9" coveredstatements="9" conditionals="1" coveredconditionals="1" methods="5" coveredmethods="5"/>
        <line num="3" count="2" type="cond" truecount="1" falsecount="0"/>
        <line num="5" count="16" type="stmt"/>
        <line num="7" count="16" type="stmt"/>
        <line num="8" count="4" type="stmt"/>
        <line num="11" count="16" type="stmt"/>
        <line num="12" count="2" type="stmt"/>
        <line num="15" count="16" type="stmt"/>
        <line num="16" count="2" type="stmt"/>
        <line num="20" count="16" type="stmt"/>
      </file>
    </package>
    <package name="src.gifs.actions">
      <metrics statements="7" coveredstatements="7" conditionals="2" coveredconditionals="2" methods="2" coveredmethods="2"/>
      <file name="get-gifs-by-query.actions.ts" path="C:\Users\carmen\Documents\react\03-gifs-app\src\gifs\actions\get-gifs-by-query.actions.ts">
        <metrics statements="7" coveredstatements="7" conditionals="2" coveredconditionals="2" methods="2" coveredmethods="2"/>
        <line num="7" count="3" type="stmt"/>
        <line num="9" count="6" type="cond" truecount="2" falsecount="0"/>
        <line num="11" count="5" type="stmt"/>
        <line num="13" count="5" type="stmt"/>
        <line num="24" count="100" type="stmt"/>
        <line num="34" count="1" type="stmt"/>
        <line num="35" count="1" type="stmt"/>
      </file>
    </package>
    <package name="src.gifs.api">
      <metrics statements="1" coveredstatements="1" conditionals="0" coveredconditionals="0" methods="0" coveredmethods="0"/>
      <file name="giphy.api.ts" path="C:\Users\carmen\Documents\react\03-gifs-app\src\gifs\api\giphy.api.ts">
        <metrics statements="1" coveredstatements="1" conditionals="0" coveredconditionals="0" methods="0" coveredmethods="0"/>
        <line num="3" count="4" type="stmt"/>
      </file>
    </package>
    <package name="src.gifs.components">
      <metrics statements="6" coveredstatements="4" conditionals="0" coveredconditionals="0" methods="5" coveredmethods="2"/>
      <file name="GifsList.tsx" path="C:\Users\carmen\Documents\react\03-gifs-app\src\gifs\components\GifsList.tsx">
        <metrics statements="3" coveredstatements="2" conditionals="0" coveredconditionals="0" methods="2" coveredmethods="1"/>
        <line num="9" count="1" type="stmt"/>
        <line num="11" count="1" type="stmt"/>
        <line num="15" count="0" type="stmt"/>
      </file>
      <file name="PreviousSearches.tsx" path="C:\Users\carmen\Documents\react\03-gifs-app\src\gifs\components\PreviousSearches.tsx">
        <metrics statements="3" coveredstatements="2" conditionals="0" coveredconditionals="0" methods="3" coveredmethods="1"/>
        <line num="11" count="1" type="stmt"/>
        <line num="12" count="1" type="stmt"/>
        <line num="20" count="0" type="stmt"/>
      </file>
    </package>
    <package name="src.gifs.hooks">
      <metrics statements="23" coveredstatements="23" conditionals="6" coveredconditionals="4" methods="4" coveredmethods="4"/>
      <file name="useGifs.tsx" path="C:\Users\carmen\Documents\react\03-gifs-app\src\gifs\hooks\useGifs.tsx">
        <metrics statements="23" coveredstatements="23" conditionals="6" coveredconditionals="4" methods="4" coveredmethods="4"/>
        <line num="8" count="2" type="stmt"/>
        <line num="10" count="11" type="stmt"/>
        <line num="12" count="11" type="stmt"/>
        <line num="14" count="11" type="stmt"/>
        <line num="16" count="11" type="stmt"/>
        <line num="18" count="3" type="cond" truecount="2" falsecount="0"/>
        <line num="19" count="1" type="stmt"/>
        <line num="20" count="1" type="stmt"/>
        <line num="23" count="2" type="stmt"/>
        <line num="24" count="2" type="stmt"/>
        <line num="25" count="2" type="stmt"/>
        <line num="28" count="11" type="stmt"/>
        <line num="35" count="10" type="stmt"/>
        <line num="37" count="10" type="cond" truecount="1" falsecount="1"/>
        <line num="39" count="10" type="stmt"/>
        <line num="41" count="10" type="stmt"/>
        <line num="42" count="10" type="cond" truecount="1" falsecount="1"/>
        <line num="43" count="10" type="stmt"/>
        <line num="44" count="10" type="stmt"/>
        <line num="60" count="10" type="stmt"/>
        <line num="61" count="10" type="stmt"/>
        <line num="63" count="10" type="stmt"/>
        <line num="69" count="11" type="stmt"/>
      </file>
    </package>
    <package name="src.shared.components">
      <metrics statements="18" coveredstatements="16" conditionals="7" coveredconditionals="4" methods="8" coveredmethods="7"/>
      <file name="SearchBar.tsx" path="C:\Users\carmen\Documents\react\03-gifs-app\src\shared\components\SearchBar.tsx">
        <metrics statements="16" coveredstatements="14" conditionals="5" coveredconditionals="2" methods="7" coveredmethods="6"/>
        <line num="10" count="2" type="cond" truecount="1" falsecount="0"/>
        <line num="12" count="13" type="stmt"/>
        <line num="14" count="13" type="stmt"/>
        <line num="16" count="13" type="stmt"/>
        <line num="17" count="2" type="stmt"/>
        <line num="20" count="13" type="stmt"/>
        <line num="21" count="13" type="stmt"/>
        <line num="25" count="13" type="stmt"/>
        <line num="26" count="1" type="cond" truecount="1" falsecount="1"/>
        <line num="27" count="1" type="stmt"/>
        <line num="28" count="1" type="stmt"/>
        <line num="31" count="13" type="stmt"/>
        <line num="32" count="0" type="cond" truecount="0" falsecount="2"/>
        <line num="33" count="0" type="stmt"/>
        <line num="37" count="13" type="stmt"/>
        <line num="44" count="6" type="stmt"/>
      </file>
      <file name="customHeader.tsx" path="C:\Users\carmen\Documents\react\03-gifs-app\src\shared\components\customHeader.tsx">
        <metrics statements="2" coveredstatements="2" conditionals="2" coveredconditionals="2" methods="1" coveredmethods="1"/>
        <line num="8" count="2" type="stmt"/>
        <line num="9" count="4" type="stmt"/>
      </file>
    </package>
    <package name="test.mocks">
      <metrics statements="1" coveredstatements="1" conditionals="0" coveredconditionals="0" methods="0" coveredmethods="0"/>
      <file name="giphy.response.data.ts" path="C:\Users\carmen\Documents\react\03-gifs-app\test\mocks\giphy.response.data.ts">
        <metrics statements="1" coveredstatements="1" conditionals="0" coveredconditionals="0" methods="0" coveredmethods="0"/>
        <line num="1" count="1" type="stmt"/>
      </file>
    </package>
  </project>
</coverage>
