{"C:\\Users\\carmen\\Documents\\react\\03-gifs-app\\src\\GifsApp.tsx": {"path":"C:\\Users\\carmen\\Documents\\react\\03-gifs-app\\src\\GifsApp.tsx","statementMap":{"0":{"start":{"line":10,"column":16},"end":{"line":35,"column":null}},"1":{"start":{"line":12,"column":64},"end":{"line":12,"column":null}},"2":{"start":{"line":14,"column":2},"end":{"line":31,"column":null}},"3":{"start":{"line":22,"column":77},"end":{"line":22,"column":null}}},"fnMap":{"0":{"name":"(anonymous_0)","decl":{"start":{"line":10,"column":16},"end":{"line":10,"column":null}},"loc":{"start":{"line":10,"column":16},"end":{"line":35,"column":null}},"line":10},"1":{"name":"(anonymous_1)","decl":{"start":{"line":22,"column":66},"end":{"line":22,"column":67}},"loc":{"start":{"line":22,"column":77},"end":{"line":22,"column":null}},"line":22}},"branchMap":{},"s":{"0":1,"1":1,"2":1,"3":0},"f":{"0":1,"1":0},"b":{},"meta":{"lastBranch":0,"lastFunction":2,"lastStatement":4,"seen":{"s:10:16:35:Infinity":0,"f:10:16:10:Infinity":0,"s:12:64:12:Infinity":1,"s:14:2:31:Infinity":2,"f:22:66:22:67":1,"s:22:77:22:Infinity":3}}}
,"C:\\Users\\carmen\\Documents\\react\\03-gifs-app\\src\\counter\\components\\MyCounterApp.tsx": {"path":"C:\\Users\\carmen\\Documents\\react\\03-gifs-app\\src\\counter\\components\\MyCounterApp.tsx","statementMap":{"0":{"start":{"line":3,"column":21},"end":{"line":20,"column":null}},"1":{"start":{"line":5,"column":61},"end":{"line":5,"column":null}},"2":{"start":{"line":7,"column":4},"end":{"line":15,"column":null}}},"fnMap":{"0":{"name":"(anonymous_0)","decl":{"start":{"line":3,"column":21},"end":{"line":3,"column":null}},"loc":{"start":{"line":3,"column":21},"end":{"line":20,"column":null}},"line":3}},"branchMap":{},"s":{"0":2,"1":8,"2":8},"f":{"0":8},"b":{},"meta":{"lastBranch":0,"lastFunction":1,"lastStatement":3,"seen":{"s:3:21:20:Infinity":0,"f:3:21:3:Infinity":0,"s:5:61:5:Infinity":1,"s:7:4:15:Infinity":2}}}
,"C:\\Users\\carmen\\Documents\\react\\03-gifs-app\\src\\counter\\hooks\\useCounter.tsx": {"path":"C:\\Users\\carmen\\Documents\\react\\03-gifs-app\\src\\counter\\hooks\\useCounter.tsx","statementMap":{"0":{"start":{"line":3,"column":26},"end":{"line":31,"column":null}},"1":{"start":{"line":5,"column":31},"end":{"line":5,"column":null}},"2":{"start":{"line":7,"column":22},"end":{"line":9,"column":null}},"3":{"start":{"line":8,"column":8},"end":{"line":8,"column":null}},"4":{"start":{"line":11,"column":27},"end":{"line":13,"column":null}},"5":{"start":{"line":12,"column":8},"end":{"line":12,"column":null}},"6":{"start":{"line":12,"column":35},"end":{"line":12,"column":null}},"7":{"start":{"line":15,"column":24},"end":{"line":17,"column":null}},"8":{"start":{"line":16,"column":8},"end":{"line":16,"column":null}},"9":{"start":{"line":20,"column":4},"end":{"line":29,"column":null}}},"fnMap":{"0":{"name":"(anonymous_0)","decl":{"start":{"line":3,"column":26},"end":{"line":3,"column":28}},"loc":{"start":{"line":3,"column":53},"end":{"line":31,"column":null}},"line":3},"1":{"name":"(anonymous_1)","decl":{"start":{"line":7,"column":22},"end":{"line":7,"column":null}},"loc":{"start":{"line":7,"column":22},"end":{"line":9,"column":null}},"line":7},"2":{"name":"(anonymous_2)","decl":{"start":{"line":11,"column":27},"end":{"line":11,"column":null}},"loc":{"start":{"line":11,"column":27},"end":{"line":13,"column":null}},"line":11},"3":{"name":"(anonymous_3)","decl":{"start":{"line":12,"column":20},"end":{"line":12,"column":21}},"loc":{"start":{"line":12,"column":35},"end":{"line":12,"column":null}},"line":12},"4":{"name":"(anonymous_4)","decl":{"start":{"line":15,"column":24},"end":{"line":15,"column":null}},"loc":{"start":{"line":15,"column":24},"end":{"line":17,"column":null}},"line":15}},"branchMap":{"0":{"loc":{"start":{"line":3,"column":28},"end":{"line":3,"column":53}},"type":"default-arg","locations":[{"start":{"line":3,"column":51},"end":{"line":3,"column":53}}],"line":3}},"s":{"0":2,"1":16,"2":16,"3":4,"4":16,"5":2,"6":2,"7":16,"8":2,"9":16},"f":{"0":16,"1":4,"2":2,"3":2,"4":2},"b":{"0":[16]},"meta":{"lastBranch":1,"lastFunction":5,"lastStatement":10,"seen":{"s:3:26:31:Infinity":0,"f:3:26:3:28":0,"b:3:51:3:53":0,"s:5:31:5:Infinity":1,"s:7:22:9:Infinity":2,"f:7:22:7:Infinity":1,"s:8:8:8:Infinity":3,"s:11:27:13:Infinity":4,"f:11:27:11:Infinity":2,"s:12:8:12:Infinity":5,"f:12:20:12:21":3,"s:12:35:12:Infinity":6,"s:15:24:17:Infinity":7,"f:15:24:15:Infinity":4,"s:16:8:16:Infinity":8,"s:20:4:29:Infinity":9}}}
,"C:\\Users\\carmen\\Documents\\react\\03-gifs-app\\src\\gifs\\actions\\get-gifs-by-query.actions.ts": {"path":"C:\\Users\\carmen\\Documents\\react\\03-gifs-app\\src\\gifs\\actions\\get-gifs-by-query.actions.ts","statementMap":{"0":{"start":{"line":7,"column":30},"end":{"line":41,"column":null}},"1":{"start":{"line":9,"column":4},"end":{"line":9,"column":null}},"2":{"start":{"line":9,"column":30},"end":{"line":9,"column":null}},"3":{"start":{"line":11,"column":4},"end":{"line":37,"column":null}},"4":{"start":{"line":13,"column":25},"end":{"line":18,"column":null}},"5":{"start":{"line":24,"column":8},"end":{"line":30,"column":null}},"6":{"start":{"line":24,"column":49},"end":{"line":30,"column":null}},"7":{"start":{"line":34,"column":8},"end":{"line":34,"column":null}},"8":{"start":{"line":35,"column":8},"end":{"line":35,"column":null}}},"fnMap":{"0":{"name":"(anonymous_0)","decl":{"start":{"line":7,"column":30},"end":{"line":7,"column":37}},"loc":{"start":{"line":7,"column":37},"end":{"line":41,"column":null}},"line":7},"1":{"name":"(anonymous_1)","decl":{"start":{"line":24,"column":39},"end":{"line":24,"column":40}},"loc":{"start":{"line":24,"column":49},"end":{"line":30,"column":null}},"line":24}},"branchMap":{"0":{"loc":{"start":{"line":9,"column":4},"end":{"line":9,"column":null}},"type":"if","locations":[{"start":{"line":9,"column":4},"end":{"line":9,"column":null}},{"start":{},"end":{}}],"line":9}},"s":{"0":3,"1":6,"2":1,"3":5,"4":5,"5":4,"6":100,"7":1,"8":1},"f":{"0":6,"1":100},"b":{"0":[1,5]},"meta":{"lastBranch":1,"lastFunction":2,"lastStatement":9,"seen":{"s:7:30:41:Infinity":0,"f:7:30:7:37":0,"b:9:4:9:Infinity:undefined:undefined:undefined:undefined":0,"s:9:4:9:Infinity":1,"s:9:30:9:Infinity":2,"s:11:4:37:Infinity":3,"s:13:25:18:Infinity":4,"s:24:8:30:Infinity":5,"f:24:39:24:40":1,"s:24:49:30:Infinity":6,"s:34:8:34:Infinity":7,"s:35:8:35:Infinity":8}}}
,"C:\\Users\\carmen\\Documents\\react\\03-gifs-app\\src\\gifs\\api\\giphy.api.ts": {"path":"C:\\Users\\carmen\\Documents\\react\\03-gifs-app\\src\\gifs\\api\\giphy.api.ts","statementMap":{"0":{"start":{"line":3,"column":24},"end":{"line":10,"column":null}}},"fnMap":{},"branchMap":{},"s":{"0":4},"f":{},"b":{},"meta":{"lastBranch":0,"lastFunction":0,"lastStatement":1,"seen":{"s:3:24:10:Infinity":0}}}
,"C:\\Users\\carmen\\Documents\\react\\03-gifs-app\\src\\gifs\\components\\GifsList.tsx": {"path":"C:\\Users\\carmen\\Documents\\react\\03-gifs-app\\src\\gifs\\components\\GifsList.tsx","statementMap":{"0":{"start":{"line":9,"column":17},"end":{"line":26,"column":null}},"1":{"start":{"line":11,"column":4},"end":{"line":16,"column":44}},"2":{"start":{"line":15,"column":31},"end":{"line":16,"column":44}}},"fnMap":{"0":{"name":"(anonymous_0)","decl":{"start":{"line":9,"column":17},"end":{"line":9,"column":19}},"loc":{"start":{"line":9,"column":34},"end":{"line":26,"column":null}},"line":9},"1":{"name":"(anonymous_1)","decl":{"start":{"line":15,"column":30},"end":{"line":15,"column":31}},"loc":{"start":{"line":15,"column":31},"end":{"line":16,"column":44}},"line":15}},"branchMap":{},"s":{"0":1,"1":1,"2":0},"f":{"0":1,"1":0},"b":{},"meta":{"lastBranch":0,"lastFunction":2,"lastStatement":3,"seen":{"s:9:17:26:Infinity":0,"f:9:17:9:19":0,"s:11:4:16:44":1,"f:15:30:15:31":1,"s:15:31:16:44":2}}}
,"C:\\Users\\carmen\\Documents\\react\\03-gifs-app\\src\\gifs\\components\\PreviousSearches.tsx": {"path":"C:\\Users\\carmen\\Documents\\react\\03-gifs-app\\src\\gifs\\components\\PreviousSearches.tsx","statementMap":{"0":{"start":{"line":11,"column":36},"end":{"line":27,"column":null}},"1":{"start":{"line":12,"column":2},"end":{"line":20,"column":37}},"2":{"start":{"line":20,"column":20},"end":{"line":20,"column":37}},"3":{"start":{"line":20,"column":65},"end":{"line":20,"column":90}}},"fnMap":{"0":{"name":"(anonymous_0)","decl":{"start":{"line":11,"column":36},"end":{"line":11,"column":37}},"loc":{"start":{"line":11,"column":65},"end":{"line":27,"column":null}},"line":11},"1":{"name":"(anonymous_1)","decl":{"start":{"line":18,"column":32},"end":{"line":18,"column":33}},"loc":{"start":{"line":20,"column":20},"end":{"line":20,"column":37}},"line":20},"2":{"name":"(anonymous_2)","decl":{"start":{"line":20,"column":59},"end":{"line":20,"column":65}},"loc":{"start":{"line":20,"column":65},"end":{"line":20,"column":90}},"line":20}},"branchMap":{},"s":{"0":1,"1":1,"2":0,"3":0},"f":{"0":1,"1":0,"2":0},"b":{},"meta":{"lastBranch":0,"lastFunction":3,"lastStatement":4,"seen":{"s:11:36:27:Infinity":0,"f:11:36:11:37":0,"s:12:2:20:37":1,"f:18:32:18:33":1,"s:20:20:20:37":2,"f:20:59:20:65":2,"s:20:65:20:90":3}}}
,"C:\\Users\\carmen\\Documents\\react\\03-gifs-app\\src\\gifs\\hooks\\useGifs.tsx": {"path":"C:\\Users\\carmen\\Documents\\react\\03-gifs-app\\src\\gifs\\hooks\\useGifs.tsx","statementMap":{"0":{"start":{"line":8,"column":16},"end":{"line":77,"column":null}},"1":{"start":{"line":10,"column":25},"end":{"line":10,"column":null}},"2":{"start":{"line":12,"column":43},"end":{"line":12,"column":null}},"3":{"start":{"line":14,"column":10},"end":{"line":14,"column":null}},"4":{"start":{"line":16,"column":30},"end":{"line":26,"column":null}},"5":{"start":{"line":18,"column":8},"end":{"line":21,"column":null}},"6":{"start":{"line":19,"column":12},"end":{"line":19,"column":null}},"7":{"start":{"line":20,"column":12},"end":{"line":20,"column":null}},"8":{"start":{"line":23,"column":21},"end":{"line":23,"column":null}},"9":{"start":{"line":24,"column":8},"end":{"line":24,"column":null}},"10":{"start":{"line":25,"column":8},"end":{"line":25,"column":null}},"11":{"start":{"line":28,"column":25},"end":{"line":66,"column":null}},"12":{"start":{"line":35,"column":24},"end":{"line":35,"column":null}},"13":{"start":{"line":37,"column":8},"end":{"line":37,"column":null}},"14":{"start":{"line":37,"column":23},"end":{"line":37,"column":null}},"15":{"start":{"line":39,"column":24},"end":{"line":39,"column":null}},"16":{"start":{"line":41,"column":8},"end":{"line":45,"column":null}},"17":{"start":{"line":42,"column":12},"end":{"line":42,"column":null}},"18":{"start":{"line":42,"column":40},"end":{"line":42,"column":null}},"19":{"start":{"line":43,"column":31},"end":{"line":43,"column":null}},"20":{"start":{"line":44,"column":12},"end":{"line":44,"column":null}},"21":{"start":{"line":60,"column":21},"end":{"line":60,"column":null}},"22":{"start":{"line":61,"column":8},"end":{"line":61,"column":null}},"23":{"start":{"line":63,"column":8},"end":{"line":63,"column":null}},"24":{"start":{"line":69,"column":4},"end":{"line":76,"column":null}}},"fnMap":{"0":{"name":"(anonymous_0)","decl":{"start":{"line":8,"column":16},"end":{"line":8,"column":null}},"loc":{"start":{"line":8,"column":16},"end":{"line":77,"column":null}},"line":8},"1":{"name":"(anonymous_1)","decl":{"start":{"line":16,"column":30},"end":{"line":16,"column":37}},"loc":{"start":{"line":16,"column":37},"end":{"line":26,"column":null}},"line":16},"2":{"name":"(anonymous_2)","decl":{"start":{"line":28,"column":25},"end":{"line":28,"column":32}},"loc":{"start":{"line":28,"column":32},"end":{"line":66,"column":null}},"line":28},"3":{"name":"(anonymous_3)","decl":{"start":{"line":41,"column":25},"end":{"line":41,"column":26}},"loc":{"start":{"line":41,"column":26},"end":{"line":45,"column":null}},"line":41}},"branchMap":{"0":{"loc":{"start":{"line":18,"column":8},"end":{"line":21,"column":null}},"type":"if","locations":[{"start":{"line":18,"column":8},"end":{"line":21,"column":null}},{"start":{},"end":{}}],"line":18},"1":{"loc":{"start":{"line":37,"column":8},"end":{"line":37,"column":null}},"type":"if","locations":[{"start":{"line":37,"column":8},"end":{"line":37,"column":null}},{"start":{},"end":{}}],"line":37},"2":{"loc":{"start":{"line":42,"column":12},"end":{"line":42,"column":null}},"type":"if","locations":[{"start":{"line":42,"column":12},"end":{"line":42,"column":null}},{"start":{},"end":{}}],"line":42}},"s":{"0":2,"1":11,"2":11,"3":11,"4":11,"5":3,"6":1,"7":1,"8":2,"9":2,"10":2,"11":11,"12":10,"13":10,"14":0,"15":10,"16":10,"17":10,"18":0,"19":10,"20":10,"21":10,"22":10,"23":10,"24":11},"f":{"0":11,"1":3,"2":10,"3":10},"b":{"0":[1,2],"1":[0,10],"2":[0,10]},"meta":{"lastBranch":3,"lastFunction":4,"lastStatement":25,"seen":{"s:8:16:77:Infinity":0,"f:8:16:8:Infinity":0,"s:10:25:10:Infinity":1,"s:12:43:12:Infinity":2,"s:14:10:14:Infinity":3,"s:16:30:26:Infinity":4,"f:16:30:16:37":1,"b:18:8:21:Infinity:undefined:undefined:undefined:undefined":0,"s:18:8:21:Infinity":5,"s:19:12:19:Infinity":6,"s:20:12:20:Infinity":7,"s:23:21:23:Infinity":8,"s:24:8:24:Infinity":9,"s:25:8:25:Infinity":10,"s:28:25:66:Infinity":11,"f:28:25:28:32":2,"s:35:24:35:Infinity":12,"b:37:8:37:Infinity:undefined:undefined:undefined:undefined":1,"s:37:8:37:Infinity":13,"s:37:23:37:Infinity":14,"s:39:24:39:Infinity":15,"s:41:8:45:Infinity":16,"f:41:25:41:26":3,"b:42:12:42:Infinity:undefined:undefined:undefined:undefined":2,"s:42:12:42:Infinity":17,"s:42:40:42:Infinity":18,"s:43:31:43:Infinity":19,"s:44:12:44:Infinity":20,"s:60:21:60:Infinity":21,"s:61:8:61:Infinity":22,"s:63:8:63:Infinity":23,"s:69:4:76:Infinity":24}}}
,"C:\\Users\\carmen\\Documents\\react\\03-gifs-app\\src\\shared\\components\\SearchBar.tsx": {"path":"C:\\Users\\carmen\\Documents\\react\\03-gifs-app\\src\\shared\\components\\SearchBar.tsx","statementMap":{"0":{"start":{"line":10,"column":18},"end":{"line":50,"column":null}},"1":{"start":{"line":12,"column":25},"end":{"line":12,"column":null}},"2":{"start":{"line":14,"column":2},"end":{"line":23,"column":null}},"3":{"start":{"line":16,"column":22},"end":{"line":18,"column":null}},"4":{"start":{"line":17,"column":6},"end":{"line":17,"column":null}},"5":{"start":{"line":20,"column":4},"end":{"line":22,"column":null}},"6":{"start":{"line":21,"column":6},"end":{"line":21,"column":null}},"7":{"start":{"line":25,"column":23},"end":{"line":29,"column":null}},"8":{"start":{"line":26,"column":4},"end":{"line":26,"column":null}},"9":{"start":{"line":26,"column":24},"end":{"line":26,"column":null}},"10":{"start":{"line":27,"column":4},"end":{"line":27,"column":null}},"11":{"start":{"line":28,"column":4},"end":{"line":28,"column":null}},"12":{"start":{"line":31,"column":24},"end":{"line":35,"column":null}},"13":{"start":{"line":32,"column":4},"end":{"line":34,"column":null}},"14":{"start":{"line":33,"column":6},"end":{"line":33,"column":null}},"15":{"start":{"line":37,"column":2},"end":{"line":46,"column":null}},"16":{"start":{"line":44,"column":36},"end":{"line":44,"column":null}}},"fnMap":{"0":{"name":"(anonymous_0)","decl":{"start":{"line":10,"column":18},"end":{"line":10,"column":20}},"loc":{"start":{"line":10,"column":62},"end":{"line":50,"column":null}},"line":10},"1":{"name":"(anonymous_1)","decl":{"start":{"line":14,"column":13},"end":{"line":14,"column":null}},"loc":{"start":{"line":14,"column":13},"end":{"line":23,"column":5}},"line":14},"2":{"name":"(anonymous_2)","decl":{"start":{"line":16,"column":33},"end":{"line":16,"column":null}},"loc":{"start":{"line":16,"column":33},"end":{"line":18,"column":7}},"line":16},"3":{"name":"(anonymous_3)","decl":{"start":{"line":20,"column":11},"end":{"line":20,"column":null}},"loc":{"start":{"line":20,"column":11},"end":{"line":22,"column":null}},"line":20},"4":{"name":"(anonymous_4)","decl":{"start":{"line":25,"column":23},"end":{"line":25,"column":null}},"loc":{"start":{"line":25,"column":23},"end":{"line":29,"column":null}},"line":25},"5":{"name":"(anonymous_5)","decl":{"start":{"line":31,"column":24},"end":{"line":31,"column":25}},"loc":{"start":{"line":31,"column":25},"end":{"line":35,"column":null}},"line":31},"6":{"name":"(anonymous_6)","decl":{"start":{"line":44,"column":25},"end":{"line":44,"column":26}},"loc":{"start":{"line":44,"column":36},"end":{"line":44,"column":null}},"line":44}},"branchMap":{"0":{"loc":{"start":{"line":10,"column":22},"end":{"line":10,"column":44}},"type":"default-arg","locations":[{"start":{"line":10,"column":36},"end":{"line":10,"column":44}}],"line":10},"1":{"loc":{"start":{"line":26,"column":4},"end":{"line":26,"column":null}},"type":"if","locations":[{"start":{"line":26,"column":4},"end":{"line":26,"column":null}},{"start":{},"end":{}}],"line":26},"2":{"loc":{"start":{"line":32,"column":4},"end":{"line":34,"column":null}},"type":"if","locations":[{"start":{"line":32,"column":4},"end":{"line":34,"column":null}},{"start":{},"end":{}}],"line":32}},"s":{"0":2,"1":13,"2":13,"3":13,"4":2,"5":13,"6":13,"7":13,"8":1,"9":0,"10":1,"11":1,"12":13,"13":0,"14":0,"15":13,"16":6},"f":{"0":13,"1":13,"2":2,"3":13,"4":1,"5":0,"6":6},"b":{"0":[13],"1":[0,1],"2":[0,0]},"meta":{"lastBranch":3,"lastFunction":7,"lastStatement":17,"seen":{"s:10:18:50:Infinity":0,"f:10:18:10:20":0,"b:10:36:10:44":0,"s:12:25:12:Infinity":1,"s:14:2:23:Infinity":2,"f:14:13:14:Infinity":1,"s:16:22:18:Infinity":3,"f:16:33:16:Infinity":2,"s:17:6:17:Infinity":4,"s:20:4:22:Infinity":5,"f:20:11:20:Infinity":3,"s:21:6:21:Infinity":6,"s:25:23:29:Infinity":7,"f:25:23:25:Infinity":4,"b:26:4:26:Infinity:undefined:undefined:undefined:undefined":1,"s:26:4:26:Infinity":8,"s:26:24:26:Infinity":9,"s:27:4:27:Infinity":10,"s:28:4:28:Infinity":11,"s:31:24:35:Infinity":12,"f:31:24:31:25":5,"b:32:4:34:Infinity:undefined:undefined:undefined:undefined":2,"s:32:4:34:Infinity":13,"s:33:6:33:Infinity":14,"s:37:2:46:Infinity":15,"f:44:25:44:26":6,"s:44:36:44:Infinity":16}}}
,"C:\\Users\\carmen\\Documents\\react\\03-gifs-app\\src\\shared\\components\\customHeader.tsx": {"path":"C:\\Users\\carmen\\Documents\\react\\03-gifs-app\\src\\shared\\components\\customHeader.tsx","statementMap":{"0":{"start":{"line":8,"column":21},"end":{"line":17,"column":null}},"1":{"start":{"line":9,"column":2},"end":{"line":13,"column":null}}},"fnMap":{"0":{"name":"(anonymous_0)","decl":{"start":{"line":8,"column":21},"end":{"line":8,"column":23}},"loc":{"start":{"line":8,"column":43},"end":{"line":17,"column":null}},"line":8}},"branchMap":{"0":{"loc":{"start":{"line":13,"column":14},"end":{"line":13,"column":null}},"type":"binary-expr","locations":[{"start":{"line":13,"column":14},"end":{"line":13,"column":22}},{"start":{"line":13,"column":14},"end":{"line":13,"column":null}}],"line":13}},"s":{"0":2,"1":4},"f":{"0":4},"b":{"0":[4,2]},"meta":{"lastBranch":1,"lastFunction":1,"lastStatement":2,"seen":{"s:8:21:17:Infinity":0,"f:8:21:8:23":0,"s:9:2:13:Infinity":1,"b:13:14:13:22:13:14:13:Infinity":0}}}
,"C:\\Users\\carmen\\Documents\\react\\03-gifs-app\\test\\mocks\\giphy.response.data.ts": {"path":"C:\\Users\\carmen\\Documents\\react\\03-gifs-app\\test\\mocks\\giphy.response.data.ts","statementMap":{"0":{"start":{"line":1,"column":39},"end":{"line":5221,"column":null}}},"fnMap":{},"branchMap":{},"s":{"0":1},"f":{},"b":{},"meta":{"lastBranch":0,"lastFunction":0,"lastStatement":1,"seen":{"s:1:39:5221:Infinity":0}}}
}
